c:\users\barak\onedrive\desktop\oppisa2\oppisa_projekat\src\debug\vc143.pdb
c:\users\barak\onedrive\desktop\oppisa2\oppisa_projekat\src\debug\vc143.idb
c:\users\barak\onedrive\desktop\oppisa2\oppisa_projekat\src\debug\token.obj
c:\users\barak\onedrive\desktop\oppisa2\oppisa_projekat\src\debug\syntaxanalysis.obj
c:\users\barak\onedrive\desktop\oppisa2\oppisa_projekat\src\debug\simplification.obj
c:\users\barak\onedrive\desktop\oppisa2\oppisa_projekat\src\debug\resourceallocation.obj
c:\users\barak\onedrive\desktop\oppisa2\oppisa_projekat\src\debug\main.obj
c:\users\barak\onedrive\desktop\oppisa2\oppisa_projekat\src\debug\livenessanalysis.obj
c:\users\barak\onedrive\desktop\oppisa2\oppisa_projekat\src\debug\lexicalanalysis.obj
c:\users\barak\onedrive\desktop\oppisa2\oppisa_projekat\src\debug\interferencegraph.obj
c:\users\barak\onedrive\desktop\oppisa2\oppisa_projekat\src\debug\generateoutput.obj
c:\users\barak\onedrive\desktop\oppisa2\oppisa_projekat\src\debug\finitestatemachine.obj
c:\users\barak\onedrive\desktop\oppisa2\oppisa_projekat\src\debug\lexicalanalysis.pdb
c:\users\barak\onedrive\desktop\oppisa2\oppisa_projekat\src\debug\lexicalanalysis.tlog\cl.command.1.tlog
c:\users\barak\onedrive\desktop\oppisa2\oppisa_projekat\src\debug\lexicalanalysis.tlog\cl.read.1.tlog
c:\users\barak\onedrive\desktop\oppisa2\oppisa_projekat\src\debug\lexicalanalysis.tlog\cl.write.1.tlog
c:\users\barak\onedrive\desktop\oppisa2\oppisa_projekat\src\debug\lexicalanalysis.tlog\link.24280-cvtres.read.1.tlog
c:\users\barak\onedrive\desktop\oppisa2\oppisa_projekat\src\debug\lexicalanalysis.tlog\link.24280-cvtres.write.1.tlog
c:\users\barak\onedrive\desktop\oppisa2\oppisa_projekat\src\debug\lexicalanalysis.tlog\link.24280-rc.read.1.tlog
c:\users\barak\onedrive\desktop\oppisa2\oppisa_projekat\src\debug\lexicalanalysis.tlog\link.24280-rc.write.1.tlog
c:\users\barak\onedrive\desktop\oppisa2\oppisa_projekat\src\debug\lexicalanalysis.tlog\link.24280.read.1.tlog
c:\users\barak\onedrive\desktop\oppisa2\oppisa_projekat\src\debug\lexicalanalysis.tlog\link.24280.write.1.tlog
c:\users\barak\onedrive\desktop\oppisa2\oppisa_projekat\src\debug\lexicalanalysis.tlog\link.command.1.tlog
c:\users\barak\onedrive\desktop\oppisa2\oppisa_projekat\src\debug\lexicalanalysis.tlog\link.read.1.tlog
c:\users\barak\onedrive\desktop\oppisa2\oppisa_projekat\src\debug\lexicalanalysis.tlog\link.write.1.tlog
